<?xml version="1.0" encoding="UTF-8"?>
<testsuite xmlns:xsi="http://www.w3.org/2001/XMLSchema-instance" xsi:noNamespaceSchemaLocation="https://maven.apache.org/surefire/maven-surefire-plugin/xsd/surefire-test-report.xsd" name="util.TestUtil" time="0.029" tests="8" errors="0" skipped="0" failures="0">
  <properties>
    <property name="sun.desktop" value="gnome"/>
    <property name="awt.toolkit" value="sun.awt.X11.XToolkit"/>
    <property name="file.encoding.pkg" value="sun.io"/>
    <property name="java.specification.version" value="1.8"/>
    <property name="sun.cpu.isalist" value=""/>
    <property name="sun.jnu.encoding" value="UTF-8"/>
    <property name="java.class.path" value="/home/cris/dev/examples/dev-web/jsp/target/test-classes:/home/cris/dev/examples/dev-web/jsp/target/classes:/home/cris/.m2/repository/javax/javaee-web-api/7.0/javaee-web-api-7.0.jar:/home/cris/.m2/repository/commons-codec/commons-codec/1.14/commons-codec-1.14.jar:/home/cris/.m2/repository/javax/servlet/javax.servlet-api/4.0.1/javax.servlet-api-4.0.1.jar:/home/cris/.m2/repository/javax/servlet/servlet-api/2.5/servlet-api-2.5.jar:/home/cris/.m2/repository/javax/servlet/jsp/jsp-api/2.2/jsp-api-2.2.jar:/home/cris/.m2/repository/mysql/mysql-connector-java/8.0.20/mysql-connector-java-8.0.20.jar:/home/cris/.m2/repository/com/google/protobuf/protobuf-java/3.6.1/protobuf-java-3.6.1.jar:/home/cris/.m2/repository/org/jetbrains/annotations/19.0.0/annotations-19.0.0.jar:/home/cris/.m2/repository/junit/junit/4.13/junit-4.13.jar:/home/cris/.m2/repository/org/hamcrest/hamcrest-core/1.3/hamcrest-core-1.3.jar:/home/cris/.m2/repository/com/google/code/gson/gson/2.8.6/gson-2.8.6.jar:/home/cris/.m2/repository/org/projectlombok/lombok/1.18.12/lombok-1.18.12.jar:/home/cris/.m2/repository/org/xerial/sqlite-jdbc/3.32.3.2/sqlite-jdbc-3.32.3.2.jar:/home/cris/.m2/repository/org/flywaydb/flyway-core/6.5.5/flyway-core-6.5.5.jar:"/>
    <property name="java.vm.vendor" value="Private Build"/>
    <property name="sun.arch.data.model" value="64"/>
    <property name="java.vendor.url" value="http://java.oracle.com/"/>
    <property name="user.timezone" value=""/>
    <property name="java.vm.specification.version" value="1.8"/>
    <property name="os.name" value="Linux"/>
    <property name="user.country" value="BR"/>
    <property name="sun.java.launcher" value="SUN_STANDARD"/>
    <property name="sun.boot.library.path" value="/usr/lib/jvm/java-8-openjdk-amd64/jre/lib/amd64"/>
    <property name="sun.java.command" value="/home/cris/dev/examples/dev-web/jsp/target/surefire/surefirebooter7178923762984792237.jar /home/cris/dev/examples/dev-web/jsp/target/surefire 2020-09-07T11-28-35_367-jvmRun1 surefire5496087938597034168tmp surefire_08349476401006239953tmp"/>
    <property name="surefire.test.class.path" value="/home/cris/dev/examples/dev-web/jsp/target/test-classes:/home/cris/dev/examples/dev-web/jsp/target/classes:/home/cris/.m2/repository/javax/javaee-web-api/7.0/javaee-web-api-7.0.jar:/home/cris/.m2/repository/commons-codec/commons-codec/1.14/commons-codec-1.14.jar:/home/cris/.m2/repository/javax/servlet/javax.servlet-api/4.0.1/javax.servlet-api-4.0.1.jar:/home/cris/.m2/repository/javax/servlet/servlet-api/2.5/servlet-api-2.5.jar:/home/cris/.m2/repository/javax/servlet/jsp/jsp-api/2.2/jsp-api-2.2.jar:/home/cris/.m2/repository/mysql/mysql-connector-java/8.0.20/mysql-connector-java-8.0.20.jar:/home/cris/.m2/repository/com/google/protobuf/protobuf-java/3.6.1/protobuf-java-3.6.1.jar:/home/cris/.m2/repository/org/jetbrains/annotations/19.0.0/annotations-19.0.0.jar:/home/cris/.m2/repository/junit/junit/4.13/junit-4.13.jar:/home/cris/.m2/repository/org/hamcrest/hamcrest-core/1.3/hamcrest-core-1.3.jar:/home/cris/.m2/repository/com/google/code/gson/gson/2.8.6/gson-2.8.6.jar:/home/cris/.m2/repository/org/projectlombok/lombok/1.18.12/lombok-1.18.12.jar:/home/cris/.m2/repository/org/xerial/sqlite-jdbc/3.32.3.2/sqlite-jdbc-3.32.3.2.jar:/home/cris/.m2/repository/org/flywaydb/flyway-core/6.5.5/flyway-core-6.5.5.jar:"/>
    <property name="sun.cpu.endian" value="little"/>
    <property name="user.home" value="/home/cris"/>
    <property name="user.language" value="pt"/>
    <property name="java.specification.vendor" value="Oracle Corporation"/>
    <property name="java.home" value="/usr/lib/jvm/java-8-openjdk-amd64/jre"/>
    <property name="basedir" value="/home/cris/dev/examples/dev-web/jsp"/>
    <property name="file.separator" value="/"/>
    <property name="line.separator" value="&#10;"/>
    <property name="java.vm.specification.vendor" value="Oracle Corporation"/>
    <property name="java.specification.name" value="Java Platform API Specification"/>
    <property name="java.awt.graphicsenv" value="sun.awt.X11GraphicsEnvironment"/>
    <property name="surefire.real.class.path" value="/home/cris/dev/examples/dev-web/jsp/target/surefire/surefirebooter7178923762984792237.jar"/>
    <property name="sun.boot.class.path" value="/usr/lib/jvm/java-8-openjdk-amd64/jre/lib/resources.jar:/usr/lib/jvm/java-8-openjdk-amd64/jre/lib/rt.jar:/usr/lib/jvm/java-8-openjdk-amd64/jre/lib/sunrsasign.jar:/usr/lib/jvm/java-8-openjdk-amd64/jre/lib/jsse.jar:/usr/lib/jvm/java-8-openjdk-amd64/jre/lib/jce.jar:/usr/lib/jvm/java-8-openjdk-amd64/jre/lib/charsets.jar:/usr/lib/jvm/java-8-openjdk-amd64/jre/lib/jfr.jar:/usr/lib/jvm/java-8-openjdk-amd64/jre/classes"/>
    <property name="sun.management.compiler" value="HotSpot 64-Bit Tiered Compilers"/>
    <property name="java.runtime.version" value="1.8.0_265-8u265-b01-0ubuntu2~20.04-b01"/>
    <property name="user.name" value="cris"/>
    <property name="path.separator" value=":"/>
    <property name="os.version" value="5.4.0-45-generic"/>
    <property name="java.endorsed.dirs" value="/usr/lib/jvm/java-8-openjdk-amd64/jre/lib/endorsed"/>
    <property name="java.runtime.name" value="OpenJDK Runtime Environment"/>
    <property name="file.encoding" value="UTF-8"/>
    <property name="java.vm.name" value="OpenJDK 64-Bit Server VM"/>
    <property name="localRepository" value="/home/cris/.m2/repository"/>
    <property name="java.vendor.url.bug" value="http://bugreport.sun.com/bugreport/"/>
    <property name="java.io.tmpdir" value="/tmp"/>
    <property name="idea.version" value="2020.2.1"/>
    <property name="java.version" value="1.8.0_265"/>
    <property name="user.dir" value="/home/cris/dev/examples/dev-web/jsp"/>
    <property name="os.arch" value="amd64"/>
    <property name="java.vm.specification.name" value="Java Virtual Machine Specification"/>
    <property name="java.awt.printerjob" value="sun.print.PSPrinterJob"/>
    <property name="sun.os.patch.level" value="unknown"/>
    <property name="java.library.path" value="/usr/java/packages/lib/amd64:/usr/lib/x86_64-linux-gnu/jni:/lib/x86_64-linux-gnu:/usr/lib/x86_64-linux-gnu:/usr/lib/jni:/lib:/usr/lib"/>
    <property name="java.vm.info" value="mixed mode"/>
    <property name="java.vendor" value="Private Build"/>
    <property name="java.vm.version" value="25.265-b01"/>
    <property name="java.ext.dirs" value="/usr/lib/jvm/java-8-openjdk-amd64/jre/lib/ext:/usr/java/packages/lib/ext"/>
    <property name="sun.io.unicode.encoding" value="UnicodeLittle"/>
    <property name="java.class.version" value="52.0"/>
  </properties>
  <testcase name="testCpf" classname="util.TestUtil" time="0.008"/>
  <testcase name="testHex" classname="util.TestUtil" time="0"/>
  <testcase name="testEmail" classname="util.TestUtil" time="0"/>
  <testcase name="testNome" classname="util.TestUtil" time="0"/>
  <testcase name="testTelefone" classname="util.TestUtil" time="0"/>
  <testcase name="testCriptoString" classname="util.TestUtil" time="0.003"/>
  <testcase name="testSenha64" classname="util.TestUtil" time="0.014"/>
  <testcase name="testSha512" classname="util.TestUtil" time="0.004"/>
</testsuite>